{
  "stats": {
    "suites": 1,
    "tests": 2,
    "passes": 2,
    "pending": 0,
    "failures": 0,
    "start": "2022-07-12T20:08:58.592Z",
    "end": "2022-07-12T20:09:06.396Z",
    "duration": 7804,
    "testsRegistered": 2,
    "passPercent": 100,
    "pendingPercent": 0,
    "other": 0,
    "hasOther": false,
    "skipped": 0,
    "hasSkipped": false
  },
  "results": [
    {
      "uuid": "27414ebe-2a6b-468c-8f14-8467b4c3f4e8",
      "title": "",
      "fullFile": "cypress/integration/05_invoke.spec.js",
      "file": "cypress/integration/05_invoke.spec.js",
      "beforeHooks": [],
      "afterHooks": [],
      "tests": [],
      "suites": [
        {
          "uuid": "0bb9d6fc-4361-40b3-80e5-3c469324a8e4",
          "title": "E2E - invoke handling",
          "fullFile": "",
          "file": "",
          "beforeHooks": [],
          "afterHooks": [],
          "tests": [
            {
              "title": "invoke",
              "fullTitle": "E2E - invoke handling invoke",
              "timedOut": null,
              "duration": 4098,
              "state": "passed",
              "speed": "fast",
              "pass": true,
              "fail": false,
              "pending": false,
              "context": null,
              "code": "cy.get('[title=\"Contact Us\"]').invoke(\"text\").then(text => {\n  cy.log(text);\n});\ncy.get('[title=\"Contact Us\"]').invoke(\"attr\", \"href\").then(link => {\n  cy.log(link);\n});",
              "err": {},
              "uuid": "d1eb9733-4c96-470b-8fe7-7af3934e5603",
              "parentUUID": "0bb9d6fc-4361-40b3-80e5-3c469324a8e4",
              "isHook": false,
              "skipped": false
            },
            {
              "title": "invoke to get typing value from properties",
              "fullTitle": "E2E - invoke handling invoke to get typing value from properties",
              "timedOut": null,
              "duration": 3671,
              "state": "passed",
              "speed": "fast",
              "pass": true,
              "fail": false,
              "pending": false,
              "context": null,
              "code": "cy.get('#search_query_top').type(\"blue dress\").invoke(\"prop\", \"value\").then(value => {\n  cy.log(value);\n});",
              "err": {},
              "uuid": "fb665ae6-6abd-482a-9639-a3cfdde80a32",
              "parentUUID": "0bb9d6fc-4361-40b3-80e5-3c469324a8e4",
              "isHook": false,
              "skipped": false
            }
          ],
          "suites": [],
          "passes": [
            "d1eb9733-4c96-470b-8fe7-7af3934e5603",
            "fb665ae6-6abd-482a-9639-a3cfdde80a32"
          ],
          "failures": [],
          "pending": [],
          "skipped": [],
          "duration": 7769,
          "root": false,
          "rootEmpty": false,
          "_timeout": 2000
        }
      ],
      "passes": [],
      "failures": [],
      "pending": [],
      "skipped": [],
      "duration": 0,
      "root": true,
      "rootEmpty": true,
      "_timeout": 2000
    }
  ],
  "meta": {
    "mocha": {
      "version": "7.0.1"
    },
    "mochawesome": {
      "options": {
        "quiet": false,
        "reportFilename": "mochawesome",
        "saveHtml": false,
        "saveJson": true,
        "consoleReporter": "spec",
        "useInlineDiffs": false,
        "code": true
      },
      "version": "7.1.3"
    },
    "marge": {
      "options": {
        "id": "default",
        "reportDir": "cypress/results/mochawesome",
        "overwrite": false,
        "html": false,
        "json": true
      },
      "version": "6.2.0"
    }
  }
}