{
  "stats": {
    "suites": 1,
    "tests": 1,
    "passes": 1,
    "pending": 0,
    "failures": 0,
    "start": "2022-07-12T20:10:09.913Z",
    "end": "2022-07-12T20:10:22.572Z",
    "duration": 12659,
    "testsRegistered": 1,
    "passPercent": 100,
    "pendingPercent": 0,
    "other": 0,
    "hasOther": false,
    "skipped": 0,
    "hasSkipped": false
  },
  "results": [
    {
      "uuid": "40957020-7986-4f12-8d48-10f6e0819e2f",
      "title": "",
      "fullFile": "cypress/integration/13_custom_commands.spec.js",
      "file": "cypress/integration/13_custom_commands.spec.js",
      "beforeHooks": [],
      "afterHooks": [],
      "tests": [],
      "suites": [
        {
          "uuid": "d047d2f8-5216-45c8-a3be-a14617e0a494",
          "title": "E2E - custom commands handling",
          "fullFile": "",
          "file": "",
          "beforeHooks": [],
          "afterHooks": [],
          "tests": [
            {
              "title": "Custom Commans example",
              "fullTitle": "E2E - custom commands handling Custom Commans example",
              "timedOut": null,
              "duration": 12646,
              "state": "passed",
              "speed": "slow",
              "pass": true,
              "fail": false,
              "pending": false,
              "context": null,
              "code": "cy.openTshirtTab();\ncy.searchPhrase(\"batman\", 350);",
              "err": {},
              "uuid": "9a233fe2-324f-43bd-ad5c-91f00cdb81a7",
              "parentUUID": "d047d2f8-5216-45c8-a3be-a14617e0a494",
              "isHook": false,
              "skipped": false
            }
          ],
          "suites": [],
          "passes": [
            "9a233fe2-324f-43bd-ad5c-91f00cdb81a7"
          ],
          "failures": [],
          "pending": [],
          "skipped": [],
          "duration": 12646,
          "root": false,
          "rootEmpty": false,
          "_timeout": 2000
        }
      ],
      "passes": [],
      "failures": [],
      "pending": [],
      "skipped": [],
      "duration": 0,
      "root": true,
      "rootEmpty": true,
      "_timeout": 2000
    }
  ],
  "meta": {
    "mocha": {
      "version": "7.0.1"
    },
    "mochawesome": {
      "options": {
        "quiet": false,
        "reportFilename": "mochawesome",
        "saveHtml": false,
        "saveJson": true,
        "consoleReporter": "spec",
        "useInlineDiffs": false,
        "code": true
      },
      "version": "7.1.3"
    },
    "marge": {
      "options": {
        "id": "default",
        "reportDir": "cypress/results/mochawesome",
        "overwrite": false,
        "html": false,
        "json": true
      },
      "version": "6.2.0"
    }
  }
}