{
  "stats": {
    "suites": 1,
    "tests": 1,
    "passes": 1,
    "pending": 0,
    "failures": 0,
    "start": "2022-07-12T20:10:45.777Z",
    "end": "2022-07-12T20:10:58.227Z",
    "duration": 12450,
    "testsRegistered": 1,
    "passPercent": 100,
    "pendingPercent": 0,
    "other": 0,
    "hasOther": false,
    "skipped": 0,
    "hasSkipped": false
  },
  "results": [
    {
      "uuid": "4a3ea449-7f0c-4ccc-9498-ce2487fb25b8",
      "title": "",
      "fullFile": "cypress/integration/ENV/startpage.spec.js",
      "file": "cypress/integration/ENV/startpage.spec.js",
      "beforeHooks": [],
      "afterHooks": [],
      "tests": [],
      "suites": [
        {
          "uuid": "3ace813a-b439-48b0-a973-e71f7dbc469f",
          "title": "E2E - Home Page",
          "fullFile": "",
          "file": "",
          "beforeHooks": [],
          "afterHooks": [],
          "tests": [
            {
              "title": "Shoould open home page",
              "fullTitle": "E2E - Home Page Shoould open home page",
              "timedOut": null,
              "duration": 9217,
              "state": "passed",
              "speed": "medium",
              "pass": true,
              "fail": false,
              "pending": false,
              "context": null,
              "code": "cy.visit(Cypress.env(\"url\"));",
              "err": {},
              "uuid": "23a2cd36-de4f-4099-a46c-c27cd7bd9f9d",
              "parentUUID": "3ace813a-b439-48b0-a973-e71f7dbc469f",
              "isHook": false,
              "skipped": false
            }
          ],
          "suites": [],
          "passes": [
            "23a2cd36-de4f-4099-a46c-c27cd7bd9f9d"
          ],
          "failures": [],
          "pending": [],
          "skipped": [],
          "duration": 9217,
          "root": false,
          "rootEmpty": false,
          "_timeout": 2000
        }
      ],
      "passes": [],
      "failures": [],
      "pending": [],
      "skipped": [],
      "duration": 0,
      "root": true,
      "rootEmpty": true,
      "_timeout": 2000
    }
  ],
  "meta": {
    "mocha": {
      "version": "7.0.1"
    },
    "mochawesome": {
      "options": {
        "quiet": false,
        "reportFilename": "mochawesome",
        "saveHtml": false,
        "saveJson": true,
        "consoleReporter": "spec",
        "useInlineDiffs": false,
        "code": true
      },
      "version": "7.1.3"
    },
    "marge": {
      "options": {
        "id": "default",
        "reportDir": "cypress/results/mochawesome",
        "overwrite": false,
        "html": false,
        "json": true
      },
      "version": "6.2.0"
    }
  }
}