{
  "stats": {
    "suites": 1,
    "tests": 2,
    "passes": 2,
    "pending": 0,
    "failures": 0,
    "start": "2022-07-12T20:09:18.330Z",
    "end": "2022-07-12T20:09:37.212Z",
    "duration": 18882,
    "testsRegistered": 2,
    "passPercent": 100,
    "pendingPercent": 0,
    "other": 0,
    "hasOther": false,
    "skipped": 0,
    "hasSkipped": false
  },
  "results": [
    {
      "uuid": "2c1b7ee5-203c-48a0-a5b1-ed002c6a70b1",
      "title": "",
      "fullFile": "cypress/integration/07_dropdown.spec.js",
      "file": "cypress/integration/07_dropdown.spec.js",
      "beforeHooks": [],
      "afterHooks": [],
      "tests": [],
      "suites": [
        {
          "uuid": "4eb54b20-2f41-4c74-a421-0cab4a45e031",
          "title": "E2E - dropdown handling",
          "fullFile": "",
          "file": "",
          "beforeHooks": [],
          "afterHooks": [],
          "tests": [
            {
              "title": "dropdown",
              "fullTitle": "E2E - dropdown handling dropdown",
              "timedOut": null,
              "duration": 11952,
              "state": "passed",
              "speed": "slow",
              "pass": true,
              "fail": false,
              "pending": false,
              "context": null,
              "code": "cy.visit('/index.php?id_category=3&controller=category'); //By name\ncy.get('#selectProductSort').select(\"In stock\"); //By value\ncy.get('#selectProductSort').select(\"price:asc\"); //by index\ncy.get('#selectProductSort').select(7);",
              "err": {},
              "uuid": "4a533f86-576a-4856-8189-df54e7db645a",
              "parentUUID": "4eb54b20-2f41-4c74-a421-0cab4a45e031",
              "isHook": false,
              "skipped": false
            },
            {
              "title": "dropdown - all option choice",
              "fullTitle": "E2E - dropdown handling dropdown - all option choice",
              "timedOut": null,
              "duration": 6869,
              "state": "passed",
              "speed": "medium",
              "pass": true,
              "fail": false,
              "pending": false,
              "context": null,
              "code": "cy.visit('/index.php?id_category=3&controller=category');\ncy.get('#selectProductSort').then(dropdown => {\n  cy.wrap(dropdown).find(\"option\").each(option => {\n    cy.wrap(dropdown).select(option.text());\n  });\n});",
              "err": {},
              "uuid": "435529c0-dbfc-4554-8364-8b39912d5036",
              "parentUUID": "4eb54b20-2f41-4c74-a421-0cab4a45e031",
              "isHook": false,
              "skipped": false
            }
          ],
          "suites": [],
          "passes": [
            "4a533f86-576a-4856-8189-df54e7db645a",
            "435529c0-dbfc-4554-8364-8b39912d5036"
          ],
          "failures": [],
          "pending": [],
          "skipped": [],
          "duration": 18821,
          "root": false,
          "rootEmpty": false,
          "_timeout": 2000
        }
      ],
      "passes": [],
      "failures": [],
      "pending": [],
      "skipped": [],
      "duration": 0,
      "root": true,
      "rootEmpty": true,
      "_timeout": 2000
    }
  ],
  "meta": {
    "mocha": {
      "version": "7.0.1"
    },
    "mochawesome": {
      "options": {
        "quiet": false,
        "reportFilename": "mochawesome",
        "saveHtml": false,
        "saveJson": true,
        "consoleReporter": "spec",
        "useInlineDiffs": false,
        "code": true
      },
      "version": "7.1.3"
    },
    "marge": {
      "options": {
        "id": "default",
        "reportDir": "cypress/results/mochawesome",
        "overwrite": false,
        "html": false,
        "json": true
      },
      "version": "6.2.0"
    }
  }
}