{
  "stats": {
    "suites": 1,
    "tests": 1,
    "passes": 1,
    "pending": 0,
    "failures": 0,
    "start": "2022-07-12T20:09:43.111Z",
    "end": "2022-07-12T20:09:49.983Z",
    "duration": 6872,
    "testsRegistered": 1,
    "passPercent": 100,
    "pendingPercent": 0,
    "other": 0,
    "hasOther": false,
    "skipped": 0,
    "hasSkipped": false
  },
  "results": [
    {
      "uuid": "a4256430-5bf9-4dfb-83de-dad7803f3df1",
      "title": "",
      "fullFile": "cypress/integration/09_file_upload.spec.js",
      "file": "cypress/integration/09_file_upload.spec.js",
      "beforeHooks": [],
      "afterHooks": [],
      "tests": [],
      "suites": [
        {
          "uuid": "94ae8d43-cf2c-42dd-a95a-c123aa6460c1",
          "title": "E2E - file upload handling",
          "fullFile": "",
          "file": "",
          "beforeHooks": [],
          "afterHooks": [],
          "tests": [
            {
              "title": "alert",
              "fullTitle": "E2E - file upload handling alert",
              "timedOut": null,
              "duration": 6845,
              "state": "passed",
              "speed": "medium",
              "pass": true,
              "fail": false,
              "pending": false,
              "context": null,
              "code": "cy.visit('/index.php?controller=contact');\ncy.get('#fileUpload').attachFile(\"../fixtures/myszojelen.jpg\"); //sprawdzenie czy plik sie wgral\ncy.get(\"span.filename\").should(\"contain\", \"myszojelen.jpg\");",
              "err": {},
              "uuid": "8548ecf8-609b-4308-8107-d98b766448da",
              "parentUUID": "94ae8d43-cf2c-42dd-a95a-c123aa6460c1",
              "isHook": false,
              "skipped": false
            }
          ],
          "suites": [],
          "passes": [
            "8548ecf8-609b-4308-8107-d98b766448da"
          ],
          "failures": [],
          "pending": [],
          "skipped": [],
          "duration": 6845,
          "root": false,
          "rootEmpty": false,
          "_timeout": 2000
        }
      ],
      "passes": [],
      "failures": [],
      "pending": [],
      "skipped": [],
      "duration": 0,
      "root": true,
      "rootEmpty": true,
      "_timeout": 2000
    }
  ],
  "meta": {
    "mocha": {
      "version": "7.0.1"
    },
    "mochawesome": {
      "options": {
        "quiet": false,
        "reportFilename": "mochawesome",
        "saveHtml": false,
        "saveJson": true,
        "consoleReporter": "spec",
        "useInlineDiffs": false,
        "code": true
      },
      "version": "7.1.3"
    },
    "marge": {
      "options": {
        "id": "default",
        "reportDir": "cypress/results/mochawesome",
        "overwrite": false,
        "html": false,
        "json": true
      },
      "version": "6.2.0"
    }
  }
}