{
  "stats": {
    "suites": 1,
    "tests": 1,
    "passes": 1,
    "pending": 0,
    "failures": 0,
    "start": "2022-07-12T20:08:37.807Z",
    "end": "2022-07-12T20:08:44.664Z",
    "duration": 6857,
    "testsRegistered": 1,
    "passPercent": 100,
    "pendingPercent": 0,
    "other": 0,
    "hasOther": false,
    "skipped": 0,
    "hasSkipped": false
  },
  "results": [
    {
      "uuid": "aea30315-3750-4d57-b4db-1116ac328253",
      "title": "",
      "fullFile": "cypress/integration/03_clicks.spec.js",
      "file": "cypress/integration/03_clicks.spec.js",
      "beforeHooks": [],
      "afterHooks": [],
      "tests": [],
      "suites": [
        {
          "uuid": "053e22a5-317c-483d-9cf5-22b855ad7396",
          "title": "E2E - clicks handling",
          "fullFile": "",
          "file": "",
          "beforeHooks": [],
          "afterHooks": [],
          "tests": [
            {
              "title": "clicks on elemet",
              "fullTitle": "E2E - clicks handling clicks on elemet",
              "timedOut": null,
              "duration": 6826,
              "state": "passed",
              "speed": "medium",
              "pass": true,
              "fail": false,
              "pending": false,
              "context": null,
              "code": "cy.get('#contact-link > a').click();\ncy.get('[title=\"Return to Home\"]').click();",
              "err": {},
              "uuid": "53f2d929-ffa0-4621-99ec-2b3e400dfab4",
              "parentUUID": "053e22a5-317c-483d-9cf5-22b855ad7396",
              "isHook": false,
              "skipped": false
            }
          ],
          "suites": [],
          "passes": [
            "53f2d929-ffa0-4621-99ec-2b3e400dfab4"
          ],
          "failures": [],
          "pending": [],
          "skipped": [],
          "duration": 6826,
          "root": false,
          "rootEmpty": false,
          "_timeout": 2000
        }
      ],
      "passes": [],
      "failures": [],
      "pending": [],
      "skipped": [],
      "duration": 0,
      "root": true,
      "rootEmpty": true,
      "_timeout": 2000
    }
  ],
  "meta": {
    "mocha": {
      "version": "7.0.1"
    },
    "mochawesome": {
      "options": {
        "quiet": false,
        "reportFilename": "mochawesome",
        "saveHtml": false,
        "saveJson": true,
        "consoleReporter": "spec",
        "useInlineDiffs": false,
        "code": true
      },
      "version": "7.1.3"
    },
    "marge": {
      "options": {
        "id": "default",
        "reportDir": "cypress/results/mochawesome",
        "overwrite": false,
        "html": false,
        "json": true
      },
      "version": "6.2.0"
    }
  }
}