{
  "stats": {
    "suites": 1,
    "tests": 2,
    "passes": 2,
    "pending": 0,
    "failures": 0,
    "start": "2022-07-12T20:11:07.383Z",
    "end": "2022-07-12T20:11:10.085Z",
    "duration": 2702,
    "testsRegistered": 2,
    "passPercent": 100,
    "pendingPercent": 0,
    "other": 0,
    "hasOther": false,
    "skipped": 0,
    "hasSkipped": false
  },
  "results": [
    {
      "uuid": "c1cf6895-ba9f-467a-a9e3-a4dbb6f63dc2",
      "title": "",
      "fullFile": "cypress/integration/POM/12_alert.spec.js",
      "file": "cypress/integration/POM/12_alert.spec.js",
      "beforeHooks": [],
      "afterHooks": [],
      "tests": [],
      "suites": [
        {
          "uuid": "8c000689-1f36-4b43-b36e-a3e10525b903",
          "title": "E2E - alert handling by PageObject",
          "fullFile": "",
          "file": "",
          "beforeHooks": [],
          "afterHooks": [],
          "tests": [
            {
              "title": "alert",
              "fullTitle": "E2E - alert handling by PageObject alert",
              "timedOut": null,
              "duration": 317,
              "state": "passed",
              "speed": "fast",
              "pass": true,
              "fail": false,
              "pending": false,
              "context": null,
              "code": "_alertPage.default.clickOnAlertBtn();\n_alertPage.default.verifyAlertText(\"Przykładowa treść alertu\");",
              "err": {},
              "uuid": "196e63be-b6a1-4bdb-8f04-a039e49cf2ad",
              "parentUUID": "8c000689-1f36-4b43-b36e-a3e10525b903",
              "isHook": false,
              "skipped": false
            },
            {
              "title": "alert confirm",
              "fullTitle": "E2E - alert handling by PageObject alert confirm",
              "timedOut": null,
              "duration": 211,
              "state": "passed",
              "speed": "fast",
              "pass": true,
              "fail": false,
              "pending": false,
              "context": null,
              "code": "_alertPage.default.clickOnAlertConfirmBtn();\n_alertPage.default.verifyAlertConfirmText(\"Zaakceptuj aby kontynuować!\");\n_alertPage.default.acceptAlertConfirm();",
              "err": {},
              "uuid": "c123516c-13a4-4d48-b4fc-9fcf8711fcf8",
              "parentUUID": "8c000689-1f36-4b43-b36e-a3e10525b903",
              "isHook": false,
              "skipped": false
            }
          ],
          "suites": [],
          "passes": [
            "196e63be-b6a1-4bdb-8f04-a039e49cf2ad",
            "c123516c-13a4-4d48-b4fc-9fcf8711fcf8"
          ],
          "failures": [],
          "pending": [],
          "skipped": [],
          "duration": 528,
          "root": false,
          "rootEmpty": false,
          "_timeout": 2000
        }
      ],
      "passes": [],
      "failures": [],
      "pending": [],
      "skipped": [],
      "duration": 0,
      "root": true,
      "rootEmpty": true,
      "_timeout": 2000
    }
  ],
  "meta": {
    "mocha": {
      "version": "7.0.1"
    },
    "mochawesome": {
      "options": {
        "quiet": false,
        "reportFilename": "mochawesome",
        "saveHtml": false,
        "saveJson": true,
        "consoleReporter": "spec",
        "useInlineDiffs": false,
        "code": true
      },
      "version": "7.1.3"
    },
    "marge": {
      "options": {
        "id": "default",
        "reportDir": "cypress/results/mochawesome",
        "overwrite": false,
        "html": false,
        "json": true
      },
      "version": "6.2.0"
    }
  }
}