<?xml version="1.0" encoding="UTF-8"?>
<testsuites name="Mocha Tests" time="5.3030" tests="1" failures="0">
  <testsuite name="Root Suite" timestamp="2022-07-12T20:11:00" tests="0" file="cypress/integration/lighthouse/lighthouse.spec.js" time="0.0000" failures="0">
  </testsuite>
  <testsuite name="Lighthouse tests" timestamp="2022-07-12T20:11:00" tests="1" time="5.2490" failures="0">
    <testcase name="Lighthouse tests should verify the lighthouse scores with thresholds" time="5.2750" classname="should verify the lighthouse scores with thresholds">
    </testcase>
  </testsuite>
</testsuites>