<?xml version="1.0" encoding="UTF-8"?>
<testsuites name="Mocha Tests" time="6.8570" tests="1" failures="0">
  <testsuite name="Root Suite" timestamp="2022-07-12T20:08:37" tests="0" file="cypress/integration/03_clicks.spec.js" time="0.0000" failures="0">
  </testsuite>
  <testsuite name="E2E - clicks handling" timestamp="2022-07-12T20:08:37" tests="1" time="6.7940" failures="0">
    <testcase name="E2E - clicks handling clicks on elemet" time="6.8260" classname="clicks on elemet">
    </testcase>
  </testsuite>
</testsuites>