<?xml version="1.0" encoding="UTF-8"?>
<testsuites name="Mocha Tests" time="4.9570" tests="1" failures="0">
  <testsuite name="Root Suite" timestamp="2022-07-12T20:08:23" tests="0" file="cypress/integration/01_first.spec.js" time="0.0000" failures="0">
  </testsuite>
  <testsuite name="E2E - Home Page" timestamp="2022-07-12T20:08:23" tests="1" time="4.8960" failures="0">
    <testcase name="E2E - Home Page Shoould open home page" time="4.9260" classname="Shoould open home page">
    </testcase>
  </testsuite>
</testsuites>